
Welcome to CakePHP v3.3.16 Console
---------------------------------------------------------------
App : src
Path: /var/www/myapp/src/
PHP : 7.1.25-1+ubuntu16.04.1+deb.sury.org+1
---------------------------------------------------------------
Initialize Inactive Role Removal Shell ...
End Processing Inactive Role Removal

Welcome to CakePHP v3.3.16 Console
---------------------------------------------------------------
App : src
Path: /var/www/myapp/src/
PHP : 7.1.25-1+ubuntu16.04.1+deb.sury.org+1
---------------------------------------------------------------
Initialize Inactive Role Removal Shell ...

Warning: file_put_contents(/var/www/myapp/logs/cli-error.log): failed to open stream: Permission denied in /var/www/myapp/vendor/cakephp/cakephp/src/Log/Engine/FileLog.php on line 133

Warning: file_put_contents(/var/www/myapp/logs/cli-error.log): failed to open stream: Permission denied in /var/www/myapp/vendor/cakephp/cakephp/src/Log/Engine/FileLog.php on line 133
End Processing Inactive Role Removal

Welcome to CakePHP v3.3.16 Console
---------------------------------------------------------------
App : src
Path: /var/www/myapp/src/
PHP : 7.1.25-1+ubuntu16.04.1+deb.sury.org+1
---------------------------------------------------------------
Initialize Inactive Role Removal Shell ...

Warning: file_put_contents(/var/www/myapp/logs/cli-error.log): failed to open stream: Permission denied in /var/www/myapp/vendor/cakephp/cakephp/src/Log/Engine/FileLog.php on line 133

Warning: file_put_contents(/var/www/myapp/logs/cli-error.log): failed to open stream: Permission denied in /var/www/myapp/vendor/cakephp/cakephp/src/Log/Engine/FileLog.php on line 133
End Processing Inactive Role Removal

Welcome to CakePHP v3.3.16 Console
---------------------------------------------------------------
App : src
Path: /var/www/myapp/src/
PHP : 7.1.25-1+ubuntu16.04.1+deb.sury.org+1
---------------------------------------------------------------
Initialize Inactive Role Removal Shell ...

Warning: file_put_contents(/var/www/myapp/logs/cli-error.log): failed to open stream: Permission denied in /var/www/myapp/vendor/cakephp/cakephp/src/Log/Engine/FileLog.php on line 133

Warning: file_put_contents(/var/www/myapp/logs/cli-error.log): failed to open stream: Permission denied in /var/www/myapp/vendor/cakephp/cakephp/src/Log/Engine/FileLog.php on line 133
End Processing Inactive Role Removal

Welcome to CakePHP v3.3.16 Console
---------------------------------------------------------------
App : src
Path: /var/www/myapp/src/
PHP : 7.1.25-1+ubuntu16.04.1+deb.sury.org+1
---------------------------------------------------------------
Initialize Inactive Role Removal Shell ...

Warning: file_put_contents(/var/www/myapp/logs/cli-error.log): failed to open stream: Permission denied in /var/www/myapp/vendor/cakephp/cakephp/src/Log/Engine/FileLog.php on line 133

Warning: file_put_contents(/var/www/myapp/logs/cli-error.log): failed to open stream: Permission denied in /var/www/myapp/vendor/cakephp/cakephp/src/Log/Engine/FileLog.php on line 133
End Processing Inactive Role Removal

Welcome to CakePHP v3.3.16 Console
---------------------------------------------------------------
App : src
Path: /var/www/myapp/src/
PHP : 7.1.25-1+ubuntu16.04.1+deb.sury.org+1
---------------------------------------------------------------
Initialize Inactive Role Removal Shell ...

Warning: file_put_contents(/var/www/myapp/logs/cli-error.log): failed to open stream: Permission denied in /var/www/myapp/vendor/cakephp/cakephp/src/Log/Engine/FileLog.php on line 133

Warning: file_put_contents(/var/www/myapp/logs/cli-error.log): failed to open stream: Permission denied in /var/www/myapp/vendor/cakephp/cakephp/src/Log/Engine/FileLog.php on line 133
End Processing Inactive Role Removal

Welcome to CakePHP v3.3.16 Console
---------------------------------------------------------------
App : src
Path: /var/www/myapp/src/
PHP : 7.1.25-1+ubuntu16.04.1+deb.sury.org+1
---------------------------------------------------------------
Initialize Inactive Role Removal Shell ...

Warning: file_put_contents(/var/www/myapp/logs/cli-error.log): failed to open stream: Permission denied in /var/www/myapp/vendor/cakephp/cakephp/src/Log/Engine/FileLog.php on line 133

Warning: file_put_contents(/var/www/myapp/logs/cli-error.log): failed to open stream: Permission denied in /var/www/myapp/vendor/cakephp/cakephp/src/Log/Engine/FileLog.php on line 133
End Processing Inactive Role Removal

Welcome to CakePHP v3.3.16 Console
---------------------------------------------------------------
App : src
Path: /var/www/myapp/src/
PHP : 7.1.25-1+ubuntu16.04.1+deb.sury.org+1
---------------------------------------------------------------
Initialize Inactive Role Removal Shell ...

Warning: file_put_contents(/var/www/myapp/logs/cli-error.log): failed to open stream: Permission denied in /var/www/myapp/vendor/cakephp/cakephp/src/Log/Engine/FileLog.php on line 133

Warning: file_put_contents(/var/www/myapp/logs/cli-error.log): failed to open stream: Permission denied in /var/www/myapp/vendor/cakephp/cakephp/src/Log/Engine/FileLog.php on line 133
End Processing Inactive Role Removal

Welcome to CakePHP v3.3.16 Console
---------------------------------------------------------------
App : src
Path: /var/www/myapp/src/
PHP : 7.1.25-1+ubuntu16.04.1+deb.sury.org+1
---------------------------------------------------------------
Initialize Inactive Role Removal Shell ...

Warning: file_put_contents(/var/www/myapp/logs/cli-error.log): failed to open stream: Permission denied in /var/www/myapp/vendor/cakephp/cakephp/src/Log/Engine/FileLog.php on line 133

Warning: file_put_contents(/var/www/myapp/logs/cli-error.log): failed to open stream: Permission denied in /var/www/myapp/vendor/cakephp/cakephp/src/Log/Engine/FileLog.php on line 133
End Processing Inactive Role Removal

Welcome to CakePHP v3.3.16 Console
---------------------------------------------------------------
App : src
Path: /var/www/myapp/src/
PHP : 7.1.25-1+ubuntu16.04.1+deb.sury.org+1
---------------------------------------------------------------
Initialize Inactive Role Removal Shell ...

Warning: file_put_contents(/var/www/myapp/logs/cli-error.log): failed to open stream: Permission denied in /var/www/myapp/vendor/cakephp/cakephp/src/Log/Engine/FileLog.php on line 133

Warning: file_put_contents(/var/www/myapp/logs/cli-error.log): failed to open stream: Permission denied in /var/www/myapp/vendor/cakephp/cakephp/src/Log/Engine/FileLog.php on line 133
End Processing Inactive Role Removal
