
Warning: file_put_contents(/var/www/myapp/logs/cli-error.log): failed to open stream: Permission denied in /var/www/myapp/vendor/cakephp/cakephp/src/Log/Engine/FileLog.php on line 133

Warning: file_put_contents(/var/www/myapp/logs/cli-error.log): failed to open stream: Permission denied in /var/www/myapp/vendor/cakephp/cakephp/src/Log/Engine/FileLog.php on line 133

Warning: file_put_contents(/var/www/myapp/logs/cli-error.log): failed to open stream: Permission denied in /var/www/myapp/vendor/cakephp/cakephp/src/Log/Engine/FileLog.php on line 133

Warning: file_put_contents(/var/www/myapp/logs/cli-error.log): failed to open stream: Permission denied in /var/www/myapp/vendor/cakephp/cakephp/src/Log/Engine/FileLog.php on line 133

Welcome to CakePHP v3.3.16 Console
---------------------------------------------------------------
App : src
Path: /var/www/myapp/src/
PHP : 7.1.25-1+ubuntu16.04.1+deb.sury.org+1
---------------------------------------------------------------

Warning: file_put_contents(/var/www/myapp/logs/cli-error.log): failed to open stream: Permission denied in /var/www/myapp/vendor/cakephp/cakephp/src/Log/Engine/FileLog.php on line 133

Warning: file_put_contents(/var/www/myapp/logs/cli-error.log): failed to open stream: Permission denied in /var/www/myapp/vendor/cakephp/cakephp/src/Log/Engine/FileLog.php on line 133

Warning: file_put_contents(/var/www/myapp/logs/cli-error.log): failed to open stream: Permission denied in /var/www/myapp/vendor/cakephp/cakephp/src/Log/Engine/FileLog.php on line 133

Warning: file_put_contents(/var/www/myapp/logs/cli-error.log): failed to open stream: Permission denied in /var/www/myapp/vendor/cakephp/cakephp/src/Log/Engine/FileLog.php on line 133

Warning: file_put_contents(/var/www/myapp/logs/cli-error.log): failed to open stream: Permission denied in /var/www/myapp/vendor/cakephp/cakephp/src/Log/Engine/FileLog.php on line 133

Warning: file_put_contents(/var/www/myapp/logs/cli-error.log): failed to open stream: Permission denied in /var/www/myapp/vendor/cakephp/cakephp/src/Log/Engine/FileLog.php on line 133

Warning: file_put_contents(/var/www/myapp/logs/cli-error.log): failed to open stream: Permission denied in /var/www/myapp/vendor/cakephp/cakephp/src/Log/Engine/FileLog.php on line 133

Warning: file_put_contents(/var/www/myapp/logs/cli-error.log): failed to open stream: Permission denied in /var/www/myapp/vendor/cakephp/cakephp/src/Log/Engine/FileLog.php on line 133

Warning: file_put_contents(/var/www/myapp/logs/cli-error.log): failed to open stream: Permission denied in /var/www/myapp/vendor/cakephp/cakephp/src/Log/Engine/FileLog.php on line 133

Warning: file_put_contents(/var/www/myapp/logs/cli-error.log): failed to open stream: Permission denied in /var/www/myapp/vendor/cakephp/cakephp/src/Log/Engine/FileLog.php on line 133

Warning: file_put_contents(/var/www/myapp/logs/cli-error.log): failed to open stream: Permission denied in /var/www/myapp/vendor/cakephp/cakephp/src/Log/Engine/FileLog.php on line 133

Warning: file_put_contents(/var/www/myapp/logs/cli-error.log): failed to open stream: Permission denied in /var/www/myapp/vendor/cakephp/cakephp/src/Log/Engine/FileLog.php on line 133

Warning: file_put_contents(/var/www/myapp/logs/cli-error.log): failed to open stream: Permission denied in /var/www/myapp/vendor/cakephp/cakephp/src/Log/Engine/FileLog.php on line 133

Warning: file_put_contents(/var/www/myapp/logs/cli-error.log): failed to open stream: Permission denied in /var/www/myapp/vendor/cakephp/cakephp/src/Log/Engine/FileLog.php on line 133

Warning: file_put_contents(/var/www/myapp/logs/cli-error.log): failed to open stream: Permission denied in /var/www/myapp/vendor/cakephp/cakephp/src/Log/Engine/FileLog.php on line 133

Warning: file_put_contents(/var/www/myapp/logs/cli-error.log): failed to open stream: Permission denied in /var/www/myapp/vendor/cakephp/cakephp/src/Log/Engine/FileLog.php on line 133

Warning: file_put_contents(/var/www/myapp/logs/cli-error.log): failed to open stream: Permission denied in /var/www/myapp/vendor/cakephp/cakephp/src/Log/Engine/FileLog.php on line 133

Warning: file_put_contents(/var/www/myapp/logs/cli-error.log): failed to open stream: Permission denied in /var/www/myapp/vendor/cakephp/cakephp/src/Log/Engine/FileLog.php on line 133

Warning: file_put_contents(/var/www/myapp/logs/cli-error.log): failed to open stream: Permission denied in /var/www/myapp/vendor/cakephp/cakephp/src/Log/Engine/FileLog.php on line 133

Warning: file_put_contents(/var/www/myapp/logs/cli-error.log): failed to open stream: Permission denied in /var/www/myapp/vendor/cakephp/cakephp/src/Log/Engine/FileLog.php on line 133

Warning: file_put_contents(/var/www/myapp/logs/cli-error.log): failed to open stream: Permission denied in /var/www/myapp/vendor/cakephp/cakephp/src/Log/Engine/FileLog.php on line 133

Warning: file_put_contents(/var/www/myapp/logs/cli-error.log): failed to open stream: Permission denied in /var/www/myapp/vendor/cakephp/cakephp/src/Log/Engine/FileLog.php on line 133
Initialize Update Assignee Shell of Staff > Career > Leave

Warning: file_put_contents(/var/www/myapp/logs/cli-error.log): failed to open stream: Permission denied in /var/www/myapp/vendor/cakephp/cakephp/src/Log/Engine/FileLog.php on line 133

Warning: file_put_contents(/var/www/myapp/logs/cli-error.log): failed to open stream: Permission denied in /var/www/myapp/vendor/cakephp/cakephp/src/Log/Engine/FileLog.php on line 133

Warning: file_put_contents(/var/www/myapp/logs/cli-error.log): failed to open stream: Permission denied in /var/www/myapp/vendor/cakephp/cakephp/src/Log/Engine/FileLog.php on line 133
Staff > Career > Leave - Unassigned Records : 0
End Processing Update Assignee Shell of Staff > Career > Leave

Warning: file_put_contents(/var/www/myapp/logs/cli-error.log): failed to open stream: Permission denied in /var/www/myapp/vendor/cakephp/cakephp/src/Log/Engine/FileLog.php on line 133

Warning: file_put_contents(/var/www/myapp/logs/cli-error.log): failed to open stream: Permission denied in /var/www/myapp/vendor/cakephp/cakephp/src/Log/Engine/FileLog.php on line 133

Warning: file_put_contents(/var/www/myapp/logs/cli-error.log): failed to open stream: Permission denied in /var/www/myapp/vendor/cakephp/cakephp/src/Log/Engine/FileLog.php on line 133

Warning: file_put_contents(/var/www/myapp/logs/cli-error.log): failed to open stream: Permission denied in /var/www/myapp/vendor/cakephp/cakephp/src/Log/Engine/FileLog.php on line 133
Update Assignee Shell Exception : 
Behavior class SurveyBehavior could not be found.
Initialize Update Assignee Shell of Administration > Training > Courses

Warning: file_put_contents(/var/www/myapp/logs/cli-error.log): failed to open stream: Permission denied in /var/www/myapp/vendor/cakephp/cakephp/src/Log/Engine/FileLog.php on line 133

Warning: file_put_contents(/var/www/myapp/logs/cli-error.log): failed to open stream: Permission denied in /var/www/myapp/vendor/cakephp/cakephp/src/Log/Engine/FileLog.php on line 133

Warning: file_put_contents(/var/www/myapp/logs/cli-error.log): failed to open stream: Permission denied in /var/www/myapp/vendor/cakephp/cakephp/src/Log/Engine/FileLog.php on line 133

Warning: file_put_contents(/var/www/myapp/logs/cli-error.log): failed to open stream: Permission denied in /var/www/myapp/vendor/cakephp/cakephp/src/Log/Engine/FileLog.php on line 133
Update Assignee Shell Exception : 
TrainingCourses is not associated with Assignees
Initialize Update Assignee Shell of Administration > Training > Sessions

Warning: file_put_contents(/var/www/myapp/logs/cli-error.log): failed to open stream: Permission denied in /var/www/myapp/vendor/cakephp/cakephp/src/Log/Engine/FileLog.php on line 133

Warning: file_put_contents(/var/www/myapp/logs/cli-error.log): failed to open stream: Permission denied in /var/www/myapp/vendor/cakephp/cakephp/src/Log/Engine/FileLog.php on line 133

Warning: file_put_contents(/var/www/myapp/logs/cli-error.log): failed to open stream: Permission denied in /var/www/myapp/vendor/cakephp/cakephp/src/Log/Engine/FileLog.php on line 133

Warning: file_put_contents(/var/www/myapp/logs/cli-error.log): failed to open stream: Permission denied in /var/www/myapp/vendor/cakephp/cakephp/src/Log/Engine/FileLog.php on line 133
Update Assignee Shell Exception : 
TrainingSessions is not associated with Assignees
Initialize Update Assignee Shell of Administration > Training > Results

Warning: file_put_contents(/var/www/myapp/logs/cli-error.log): failed to open stream: Permission denied in /var/www/myapp/vendor/cakephp/cakephp/src/Log/Engine/FileLog.php on line 133

Warning: file_put_contents(/var/www/myapp/logs/cli-error.log): failed to open stream: Permission denied in /var/www/myapp/vendor/cakephp/cakephp/src/Log/Engine/FileLog.php on line 133

Warning: file_put_contents(/var/www/myapp/logs/cli-error.log): failed to open stream: Permission denied in /var/www/myapp/vendor/cakephp/cakephp/src/Log/Engine/FileLog.php on line 133

Warning: file_put_contents(/var/www/myapp/logs/cli-error.log): failed to open stream: Permission denied in /var/www/myapp/vendor/cakephp/cakephp/src/Log/Engine/FileLog.php on line 133
Update Assignee Shell Exception : 
TrainingSessionResults is not associated with Assignees

Warning: file_put_contents(/var/www/myapp/logs/cli-error.log): failed to open stream: Permission denied in /var/www/myapp/vendor/cakephp/cakephp/src/Log/Engine/FileLog.php on line 133

Warning: file_put_contents(/var/www/myapp/logs/cli-error.log): failed to open stream: Permission denied in /var/www/myapp/vendor/cakephp/cakephp/src/Log/Engine/FileLog.php on line 133

Warning: file_put_contents(/var/www/myapp/logs/cli-error.log): failed to open stream: Permission denied in /var/www/myapp/vendor/cakephp/cakephp/src/Log/Engine/FileLog.php on line 133

Warning: file_put_contents(/var/www/myapp/logs/cli-error.log): failed to open stream: Permission denied in /var/www/myapp/vendor/cakephp/cakephp/src/Log/Engine/FileLog.php on line 133
Initialize Update Assignee Shell of Staff > Training > Needs

Warning: file_put_contents(/var/www/myapp/logs/cli-error.log): failed to open stream: Permission denied in /var/www/myapp/vendor/cakephp/cakephp/src/Log/Engine/FileLog.php on line 133
Staff > Training > Needs - Unassigned Records : 0
End Processing Update Assignee Shell of Staff > Training > Needs

Warning: file_put_contents(/var/www/myapp/logs/cli-error.log): failed to open stream: Permission denied in /var/www/myapp/vendor/cakephp/cakephp/src/Log/Engine/FileLog.php on line 133

Warning: file_put_contents(/var/www/myapp/logs/cli-error.log): failed to open stream: Permission denied in /var/www/myapp/vendor/cakephp/cakephp/src/Log/Engine/FileLog.php on line 133

Warning: file_put_contents(/var/www/myapp/logs/cli-error.log): failed to open stream: Permission denied in /var/www/myapp/vendor/cakephp/cakephp/src/Log/Engine/FileLog.php on line 133

Warning: file_put_contents(/var/www/myapp/logs/cli-error.log): failed to open stream: Permission denied in /var/www/myapp/vendor/cakephp/cakephp/src/Log/Engine/FileLog.php on line 133
Initialize Update Assignee Shell of Institutions > Positions

Warning: file_put_contents(/var/www/myapp/logs/cli-error.log): failed to open stream: Permission denied in /var/www/myapp/vendor/cakephp/cakephp/src/Log/Engine/FileLog.php on line 133

Warning: file_put_contents(/var/www/myapp/logs/cli-error.log): failed to open stream: Permission denied in /var/www/myapp/vendor/cakephp/cakephp/src/Log/Engine/FileLog.php on line 133
Institutions > Positions - Unassigned Records : 0
End Processing Update Assignee Shell of Institutions > Positions

Warning: file_put_contents(/var/www/myapp/logs/cli-error.log): failed to open stream: Permission denied in /var/www/myapp/vendor/cakephp/cakephp/src/Log/Engine/FileLog.php on line 133

Warning: file_put_contents(/var/www/myapp/logs/cli-error.log): failed to open stream: Permission denied in /var/www/myapp/vendor/cakephp/cakephp/src/Log/Engine/FileLog.php on line 133

Warning: file_put_contents(/var/www/myapp/logs/cli-error.log): failed to open stream: Permission denied in /var/www/myapp/vendor/cakephp/cakephp/src/Log/Engine/FileLog.php on line 133

Warning: file_put_contents(/var/www/myapp/logs/cli-error.log): failed to open stream: Permission denied in /var/www/myapp/vendor/cakephp/cakephp/src/Log/Engine/FileLog.php on line 133

Warning: file_put_contents(/var/www/myapp/logs/cli-error.log): failed to open stream: Permission denied in /var/www/myapp/vendor/cakephp/cakephp/src/Log/Engine/FileLog.php on line 133

Warning: file_put_contents(/var/www/myapp/logs/cli-error.log): failed to open stream: Permission denied in /var/www/myapp/vendor/cakephp/cakephp/src/Log/Engine/FileLog.php on line 133

Warning: file_put_contents(/var/www/myapp/logs/cli-error.log): failed to open stream: Permission denied in /var/www/myapp/vendor/cakephp/cakephp/src/Log/Engine/FileLog.php on line 133

Warning: file_put_contents(/var/www/myapp/logs/cli-error.log): failed to open stream: Permission denied in /var/www/myapp/vendor/cakephp/cakephp/src/Log/Engine/FileLog.php on line 133

Warning: file_put_contents(/var/www/myapp/logs/cli-error.log): failed to open stream: Permission denied in /var/www/myapp/vendor/cakephp/cakephp/src/Log/Engine/FileLog.php on line 133
Initialize Update Assignee Shell of Institutions > Staff > Change in Assignment

Warning: file_put_contents(/var/www/myapp/logs/cli-error.log): failed to open stream: Permission denied in /var/www/myapp/vendor/cakephp/cakephp/src/Log/Engine/FileLog.php on line 133

Warning: file_put_contents(/var/www/myapp/logs/cli-error.log): failed to open stream: Permission denied in /var/www/myapp/vendor/cakephp/cakephp/src/Log/Engine/FileLog.php on line 133
Institutions > Staff > Change in Assignment - Unassigned Records : 0
End Processing Update Assignee Shell of Institutions > Staff > Change in Assignment
Initialize Update Assignee Shell of Institutions > Visits > Requests

Warning: file_put_contents(/var/www/myapp/logs/cli-error.log): failed to open stream: Permission denied in /var/www/myapp/vendor/cakephp/cakephp/src/Log/Engine/FileLog.php on line 133

Warning: file_put_contents(/var/www/myapp/logs/cli-error.log): failed to open stream: Permission denied in /var/www/myapp/vendor/cakephp/cakephp/src/Log/Engine/FileLog.php on line 133
Update Assignee Shell Exception : 
SQLSTATE[42S02]: Base table or view not found: 1146 Table 'students.visit_requests' doesn't exist
Initialize Update Assignee Shell of Administration > Training > Applications

Warning: file_put_contents(/var/www/myapp/logs/cli-error.log): failed to open stream: Permission denied in /var/www/myapp/vendor/cakephp/cakephp/src/Log/Engine/FileLog.php on line 133

Warning: file_put_contents(/var/www/myapp/logs/cli-error.log): failed to open stream: Permission denied in /var/www/myapp/vendor/cakephp/cakephp/src/Log/Engine/FileLog.php on line 133
Update Assignee Shell Exception : 
SQLSTATE[42S02]: Base table or view not found: 1146 Table 'students.training_applications' doesn't exist

Warning: file_put_contents(/var/www/myapp/logs/cli-error.log): failed to open stream: Permission denied in /var/www/myapp/vendor/cakephp/cakephp/src/Log/Engine/FileLog.php on line 133

Warning: file_put_contents(/var/www/myapp/logs/cli-error.log): failed to open stream: Permission denied in /var/www/myapp/vendor/cakephp/cakephp/src/Log/Engine/FileLog.php on line 133

Warning: file_put_contents(/var/www/myapp/logs/cli-error.log): failed to open stream: Permission denied in /var/www/myapp/vendor/cakephp/cakephp/src/Log/Engine/FileLog.php on line 133

Warning: file_put_contents(/var/www/myapp/logs/cli-error.log): failed to open stream: Permission denied in /var/www/myapp/vendor/cakephp/cakephp/src/Log/Engine/FileLog.php on line 133
Initialize Update Assignee Shell of Staff > Professional Development > Licenses

Warning: file_put_contents(/var/www/myapp/logs/cli-error.log): failed to open stream: Permission denied in /var/www/myapp/vendor/cakephp/cakephp/src/Log/Engine/FileLog.php on line 133
Staff > Professional Development > Licenses - Unassigned Records : 0
End Processing Update Assignee Shell of Staff > Professional Development > Licenses
Initialize Update Assignee Shell of Institutions > Cases

Warning: file_put_contents(/var/www/myapp/logs/cli-error.log): failed to open stream: Permission denied in /var/www/myapp/vendor/cakephp/cakephp/src/Log/Engine/FileLog.php on line 133

Warning: file_put_contents(/var/www/myapp/logs/cli-error.log): failed to open stream: Permission denied in /var/www/myapp/vendor/cakephp/cakephp/src/Log/Engine/FileLog.php on line 133

Warning: file_put_contents(/var/www/myapp/logs/cli-error.log): failed to open stream: Permission denied in /var/www/myapp/vendor/cakephp/cakephp/src/Log/Engine/FileLog.php on line 133

Warning: file_put_contents(/var/www/myapp/logs/cli-error.log): failed to open stream: Permission denied in /var/www/myapp/vendor/cakephp/cakephp/src/Log/Engine/FileLog.php on line 133

Warning: file_put_contents(/var/www/myapp/logs/cli-error.log): failed to open stream: Permission denied in /var/www/myapp/vendor/cakephp/cakephp/src/Log/Engine/FileLog.php on line 133
Update Assignee Shell Exception : 
InstitutionCases is not associated with Assignees

Warning: file_put_contents(/var/www/myapp/logs/cli-error.log): failed to open stream: Permission denied in /var/www/myapp/vendor/cakephp/cakephp/src/Log/Engine/FileLog.php on line 133

Warning: file_put_contents(/var/www/myapp/logs/cli-error.log): failed to open stream: Permission denied in /var/www/myapp/vendor/cakephp/cakephp/src/Log/Engine/FileLog.php on line 133

Warning: file_put_contents(/var/www/myapp/logs/cli-error.log): failed to open stream: Permission denied in /var/www/myapp/vendor/cakephp/cakephp/src/Log/Engine/FileLog.php on line 133

Warning: file_put_contents(/var/www/myapp/logs/cli-error.log): failed to open stream: Permission denied in /var/www/myapp/vendor/cakephp/cakephp/src/Log/Engine/FileLog.php on line 133
Initialize Update Assignee Shell of Institutions > Staff Transfer > Receiving

Warning: file_put_contents(/var/www/myapp/logs/cli-error.log): failed to open stream: Permission denied in /var/www/myapp/vendor/cakephp/cakephp/src/Log/Engine/FileLog.php on line 133

Warning: file_put_contents(/var/www/myapp/logs/cli-error.log): failed to open stream: Permission denied in /var/www/myapp/vendor/cakephp/cakephp/src/Log/Engine/FileLog.php on line 133
Institutions > Staff Transfer > Receiving - Unassigned Records : 0
End Processing Update Assignee Shell of Institutions > Staff Transfer > Receiving
Initialize Update Assignee Shell of Institutions > Staff Transfer > Sending

Warning: file_put_contents(/var/www/myapp/logs/cli-error.log): failed to open stream: Permission denied in /var/www/myapp/vendor/cakephp/cakephp/src/Log/Engine/FileLog.php on line 133

Warning: file_put_contents(/var/www/myapp/logs/cli-error.log): failed to open stream: Permission denied in /var/www/myapp/vendor/cakephp/cakephp/src/Log/Engine/FileLog.php on line 133
Institutions > Staff Transfer > Sending - Unassigned Records : 0
End Processing Update Assignee Shell of Institutions > Staff Transfer > Sending

Warning: file_put_contents(/var/www/myapp/logs/cli-error.log): failed to open stream: Permission denied in /var/www/myapp/vendor/cakephp/cakephp/src/Log/Engine/FileLog.php on line 133

Warning: file_put_contents(/var/www/myapp/logs/cli-error.log): failed to open stream: Permission denied in /var/www/myapp/vendor/cakephp/cakephp/src/Log/Engine/FileLog.php on line 133

Warning: file_put_contents(/var/www/myapp/logs/cli-error.log): failed to open stream: Permission denied in /var/www/myapp/vendor/cakephp/cakephp/src/Log/Engine/FileLog.php on line 133

Warning: file_put_contents(/var/www/myapp/logs/cli-error.log): failed to open stream: Permission denied in /var/www/myapp/vendor/cakephp/cakephp/src/Log/Engine/FileLog.php on line 133
Initialize Update Assignee Shell of Institutions > Students > Student Withdraw

Warning: file_put_contents(/var/www/myapp/logs/cli-error.log): failed to open stream: Permission denied in /var/www/myapp/vendor/cakephp/cakephp/src/Log/Engine/FileLog.php on line 133

Warning: file_put_contents(/var/www/myapp/logs/cli-error.log): failed to open stream: Permission denied in /var/www/myapp/vendor/cakephp/cakephp/src/Log/Engine/FileLog.php on line 133
Institutions > Students > Student Withdraw - Unassigned Records : 0
End Processing Update Assignee Shell of Institutions > Students > Student Withdraw

Warning: file_put_contents(/var/www/myapp/logs/cli-error.log): failed to open stream: Permission denied in /var/www/myapp/vendor/cakephp/cakephp/src/Log/Engine/FileLog.php on line 133

Warning: file_put_contents(/var/www/myapp/logs/cli-error.log): failed to open stream: Permission denied in /var/www/myapp/vendor/cakephp/cakephp/src/Log/Engine/FileLog.php on line 133

Warning: file_put_contents(/var/www/myapp/logs/cli-error.log): failed to open stream: Permission denied in /var/www/myapp/vendor/cakephp/cakephp/src/Log/Engine/FileLog.php on line 133

Warning: file_put_contents(/var/www/myapp/logs/cli-error.log): failed to open stream: Permission denied in /var/www/myapp/vendor/cakephp/cakephp/src/Log/Engine/FileLog.php on line 133
Initialize Update Assignee Shell of Institutions > Students > Student Admission

Warning: file_put_contents(/var/www/myapp/logs/cli-error.log): failed to open stream: Permission denied in /var/www/myapp/vendor/cakephp/cakephp/src/Log/Engine/FileLog.php on line 133

Warning: file_put_contents(/var/www/myapp/logs/cli-error.log): failed to open stream: Permission denied in /var/www/myapp/vendor/cakephp/cakephp/src/Log/Engine/FileLog.php on line 133
Institutions > Students > Student Admission - Unassigned Records : 0
End Processing Update Assignee Shell of Institutions > Students > Student Admission

Warning: file_put_contents(/var/www/myapp/logs/cli-error.log): failed to open stream: Permission denied in /var/www/myapp/vendor/cakephp/cakephp/src/Log/Engine/FileLog.php on line 133

Warning: file_put_contents(/var/www/myapp/logs/cli-error.log): failed to open stream: Permission denied in /var/www/myapp/vendor/cakephp/cakephp/src/Log/Engine/FileLog.php on line 133

Warning: file_put_contents(/var/www/myapp/logs/cli-error.log): failed to open stream: Permission denied in /var/www/myapp/vendor/cakephp/cakephp/src/Log/Engine/FileLog.php on line 133

Warning: file_put_contents(/var/www/myapp/logs/cli-error.log): failed to open stream: Permission denied in /var/www/myapp/vendor/cakephp/cakephp/src/Log/Engine/FileLog.php on line 133
Initialize Update Assignee Shell of Institutions > Student Transfer > Receiving

Warning: file_put_contents(/var/www/myapp/logs/cli-error.log): failed to open stream: Permission denied in /var/www/myapp/vendor/cakephp/cakephp/src/Log/Engine/FileLog.php on line 133

Warning: file_put_contents(/var/www/myapp/logs/cli-error.log): failed to open stream: Permission denied in /var/www/myapp/vendor/cakephp/cakephp/src/Log/Engine/FileLog.php on line 133
Institutions > Student Transfer > Receiving - Unassigned Records : 0
End Processing Update Assignee Shell of Institutions > Student Transfer > Receiving
Initialize Update Assignee Shell of Institutions > Student Transfer > Sending

Warning: file_put_contents(/var/www/myapp/logs/cli-error.log): failed to open stream: Permission denied in /var/www/myapp/vendor/cakephp/cakephp/src/Log/Engine/FileLog.php on line 133

Warning: file_put_contents(/var/www/myapp/logs/cli-error.log): failed to open stream: Permission denied in /var/www/myapp/vendor/cakephp/cakephp/src/Log/Engine/FileLog.php on line 133
Institutions > Student Transfer > Sending - Unassigned Records : 0
End Processing Update Assignee Shell of Institutions > Student Transfer > Sending

Warning: file_put_contents(/var/www/myapp/logs/cli-error.log): failed to open stream: Permission denied in /var/www/myapp/vendor/cakephp/cakephp/src/Log/Engine/FileLog.php on line 133

Warning: file_put_contents(/var/www/myapp/logs/cli-error.log): failed to open stream: Permission denied in /var/www/myapp/vendor/cakephp/cakephp/src/Log/Engine/FileLog.php on line 133

Warning: file_put_contents(/var/www/myapp/logs/cli-error.log): failed to open stream: Permission denied in /var/www/myapp/vendor/cakephp/cakephp/src/Log/Engine/FileLog.php on line 133

Warning: file_put_contents(/var/www/myapp/logs/cli-error.log): failed to open stream: Permission denied in /var/www/myapp/vendor/cakephp/cakephp/src/Log/Engine/FileLog.php on line 133
Initialize Update Assignee Shell of Staff > Career > Appraisals

Warning: file_put_contents(/var/www/myapp/logs/cli-error.log): failed to open stream: Permission denied in /var/www/myapp/vendor/cakephp/cakephp/src/Log/Engine/FileLog.php on line 133

Warning: file_put_contents(/var/www/myapp/logs/cli-error.log): failed to open stream: Permission denied in /var/www/myapp/vendor/cakephp/cakephp/src/Log/Engine/FileLog.php on line 133
Staff > Career > Appraisals - Unassigned Records : 0
End Processing Update Assignee Shell of Staff > Career > Appraisals

Warning: file_put_contents(/var/www/myapp/logs/cli-error.log): failed to open stream: Permission denied in /var/www/myapp/vendor/cakephp/cakephp/src/Log/Engine/FileLog.php on line 133

Warning: file_put_contents(/var/www/myapp/logs/cli-error.log): failed to open stream: Permission denied in /var/www/myapp/vendor/cakephp/cakephp/src/Log/Engine/FileLog.php on line 133

Warning: file_put_contents(/var/www/myapp/logs/cli-error.log): failed to open stream: Permission denied in /var/www/myapp/vendor/cakephp/cakephp/src/Log/Engine/FileLog.php on line 133

Warning: file_put_contents(/var/www/myapp/logs/cli-error.log): failed to open stream: Permission denied in /var/www/myapp/vendor/cakephp/cakephp/src/Log/Engine/FileLog.php on line 133

Warning: file_put_contents(/var/www/myapp/logs/cli-error.log): failed to open stream: Permission denied in /var/www/myapp/vendor/cakephp/cakephp/src/Log/Engine/FileLog.php on line 133
Initialize Update Assignee Shell of Administration > Scholarships > Applications

Warning: file_put_contents(/var/www/myapp/logs/cli-error.log): failed to open stream: Permission denied in /var/www/myapp/vendor/cakephp/cakephp/src/Log/Engine/FileLog.php on line 133
Administration > Scholarships > Applications - Unassigned Records : 0
End Processing Update Assignee Shell of Administration > Scholarships > Applications
